-------------------------------------------------------------------------------
Test set: com.personalfinanceapplication.portfolioservice.PortfolioServiceApplicationTests
-------------------------------------------------------------------------------
Tests run: 2, Failures: 1, Errors: 0, Skipped: 0, Time elapsed: 7.809 s <<< FAILURE! - in com.personalfinanceapplication.portfolioservice.PortfolioServiceApplicationTests
shouldCreateAsset  Time elapsed: 0.01 s  <<< FAILURE!
java.lang.AssertionError: Status expected:<201> but was:<404>
	at com.personalfinanceapplication.portfolioservice.PortfolioServiceApplicationTests.shouldCreateAsset(PortfolioServiceApplicationTests.java:51)

